{"uuid":"869a7659-1138-4ea6-82ba-3f970b4de2f2","historyId":"8f31ddd8abe5bd364bba96f32106a9f","testCaseId":"bebc2a47a5f054eeee4b497128f93012","fullName":"src/test/resources/features/Search.feature:34","labels":[{"name":"tag","value":"Run"},{"name":"host","value":"Abdelrhman-laptop"},{"name":"thread","value":"19256@Abdelrhman-laptop.TestNG-PoolService-1(34)"},{"name":"feature","value":"Search"},{"name":"story","value":"Verify that user can search with partially product name"},{"name":"suite","value":"Search"},{"name":"testClass","value":"Verify that user can search with partially product name"},{"name":"framework","value":"cucumber4jvm"},{"name":"language","value":"java"},{"name":"gherkin_uri","value":"file:///C:/Users/lenovo/IdeaProjects/Ellithium/src/test/resources/features/Search.feature"},{"name":"package","value":"src.test.resources.features.Search_feature.Search"}],"links":[],"name":"Verify that user can search with partially product name","status":"failed","statusDetails":{"known":false,"muted":false,"flaky":false,"message":"The following asserts failed:\n\tContainer does not contain value: ; expected [true] but found [false],\n\tContainer does not contain value: ; expected [true] but found [false],\n\tContainer does not contain value: ; expected [true] but found [false],\n\tContainer does not contain value: ; expected [true] but found [false],\n\tContainer does not contain value: ; expected [true] but found [false],\n\tContainer does not contain value: ; expected [true] but found [false],\n\tContainer does not contain value: ; expected [true] but found [false],\n\tContainer does not contain value: ; expected [true] but found [false],\n\tContainer does not contain value: ; expected [true] but found [false],\n\tContainer does not contain value: ; expected [true] but found [false]","trace":"java.lang.AssertionError: The following asserts failed:\n\tContainer does not contain value: ; expected [true] but found [false],\n\tContainer does not contain value: ; expected [true] but found [false],\n\tContainer does not contain value: ; expected [true] but found [false],\n\tContainer does not contain value: ; expected [true] but found [false],\n\tContainer does not contain value: ; expected [true] but found [false],\n\tContainer does not contain value: ; expected [true] but found [false],\n\tContainer does not contain value: ; expected [true] but found [false],\n\tContainer does not contain value: ; expected [true] but found [false],\n\tContainer does not contain value: ; expected [true] but found [false],\n\tContainer does not contain value: ; expected [true] but found [false]\r\n\tat org.testng.asserts.SoftAssert.assertAll(SoftAssert.java:46)\r\n\tat org.testng.asserts.SoftAssert.assertAll(SoftAssert.java:30)\r\n\tat Ellithium.Utilities.assertion.AssertionExecutor$soft.assertAll(AssertionExecutor.java:446)\r\n\tat Tests.SearchStepDefinitions.products_relevant_to_that_name_should_be_displayed(SearchStepDefinitions.java:140)\r\n\tat ✽.products relevant to that name should be displayed(file:///C:/Users/lenovo/IdeaProjects/Ellithium/src/test/resources/features/Search.feature:37)\r\n"},"stage":"finished","description":"CHROME-Verify that user can search with partially product name FAILED","steps":[{"name":"Given The user is on the homepage","status":"passed","statusDetails":{"known":false,"muted":false,"flaky":false},"stage":"finished","steps":[{"name":"Chrome Options Configured","status":"passed","stage":"finished","steps":[],"attachments":[],"parameters":[],"start":1728391471991,"stop":1728391471991},{"name":"Successfully loaded properties file: src\\main\\resources\\properties\\config","status":"passed","stage":"finished","steps":[],"attachments":[],"parameters":[],"start":1728391474193,"stop":1728391474193},{"name":"Successfully loaded properties file: src\\main\\resources\\properties\\config","status":"passed","stage":"finished","steps":[],"attachments":[],"parameters":[],"start":1728391474220,"stop":1728391474221},{"name":"WebDriver Created","status":"passed","stage":"finished","steps":[],"attachments":[],"parameters":[],"start":1728391474538,"stop":1728391474538},{"name":"Navigating to URL: https://www.noon.com/egypt-en/","status":"passed","stage":"finished","steps":[],"attachments":[],"parameters":[],"start":1728391474542,"stop":1728391474542}],"attachments":[],"parameters":[],"start":1728391471985,"stop":1728391478327},{"name":"Given the user enters product name partially in the search field","status":"passed","statusDetails":{"known":false,"muted":false,"flaky":false},"stage":"finished","steps":[{"name":"Successfully loaded properties file: src\\main\\resources\\properties\\config","status":"passed","stage":"finished","steps":[],"attachments":[],"parameters":[],"start":1728391478330,"stop":1728391478330},{"name":"Initialize default Timeout for Element ","status":"passed","stage":"finished","steps":[],"attachments":[],"parameters":[],"start":1728391478330,"stop":1728391478330},{"name":"Successfully loaded properties file: src\\main\\resources\\properties\\config","status":"passed","stage":"finished","steps":[],"attachments":[],"parameters":[],"start":1728391478331,"stop":1728391478331},{"name":"Initialize default Polling Time for Element ","status":"passed","stage":"finished","steps":[],"attachments":[],"parameters":[],"start":1728391478331,"stop":1728391478331},{"name":"Sent Data: \"lapt\" into What are you looking for?.","status":"passed","stage":"finished","steps":[],"attachments":[],"parameters":[],"start":1728391480020,"stop":1728391480020},{"name":"Sent Data: \"ENTER\" into What are you looking for?.","status":"passed","stage":"finished","steps":[],"attachments":[],"parameters":[],"start":1728391480546,"stop":1728391480546}],"attachments":[],"parameters":[],"start":1728391478328,"stop":1728391480546},{"name":"When they click the Search button or press Enter key","status":"passed","statusDetails":{"known":false,"muted":false,"flaky":false},"stage":"finished","steps":[{"name":"Sent Data: \"ENTER\" into What are you looking for?.","status":"passed","stage":"finished","steps":[],"attachments":[],"parameters":[],"start":1728391480755,"stop":1728391480755}],"attachments":[],"parameters":[],"start":1728391480546,"stop":1728391480755},{"name":"Then products relevant to that name should be displayed","status":"failed","statusDetails":{"known":false,"muted":false,"flaky":false,"message":"The following asserts failed:\n\tContainer does not contain value: ; expected [true] but found [false],\n\tContainer does not contain value: ; expected [true] but found [false],\n\tContainer does not contain value: ; expected [true] but found [false],\n\tContainer does not contain value: ; expected [true] but found [false],\n\tContainer does not contain value: ; expected [true] but found [false],\n\tContainer does not contain value: ; expected [true] but found [false],\n\tContainer does not contain value: ; expected [true] but found [false],\n\tContainer does not contain value: ; expected [true] but found [false],\n\tContainer does not contain value: ; expected [true] but found [false],\n\tContainer does not contain value: ; expected [true] but found [false]","trace":"java.lang.AssertionError: The following asserts failed:\n\tContainer does not contain value: ; expected [true] but found [false],\n\tContainer does not contain value: ; expected [true] but found [false],\n\tContainer does not contain value: ; expected [true] but found [false],\n\tContainer does not contain value: ; expected [true] but found [false],\n\tContainer does not contain value: ; expected [true] but found [false],\n\tContainer does not contain value: ; expected [true] but found [false],\n\tContainer does not contain value: ; expected [true] but found [false],\n\tContainer does not contain value: ; expected [true] but found [false],\n\tContainer does not contain value: ; expected [true] but found [false],\n\tContainer does not contain value: ; expected [true] but found [false]\r\n\tat org.testng.asserts.SoftAssert.assertAll(SoftAssert.java:46)\r\n\tat org.testng.asserts.SoftAssert.assertAll(SoftAssert.java:30)\r\n\tat Ellithium.Utilities.assertion.AssertionExecutor$soft.assertAll(AssertionExecutor.java:446)\r\n\tat Tests.SearchStepDefinitions.products_relevant_to_that_name_should_be_displayed(SearchStepDefinitions.java:140)\r\n\tat ✽.products relevant to that name should be displayed(file:///C:/Users/lenovo/IdeaProjects/Ellithium/src/test/resources/features/Search.feature:37)\r\n"},"stage":"finished","steps":[{"name":"Waiting for Element To Disappear: By.xpath: //img[@alt='Loading' and @loading='lazy']","status":"passed","stage":"finished","steps":[],"attachments":[],"parameters":[],"start":1728391480791,"stop":1728391480791},{"name":"Getting Attribute from multiple elements located: By.cssSelector: div[data-qa='product-name']","status":"passed","stage":"finished","steps":[],"attachments":[],"parameters":[],"start":1728391480792,"stop":1728391480792},{"name":"Attribute \"title\" retrieved with value: Lenovo IdeaPad 3 14IML05 Laptop With 14-Inch FHD (1920x1080) Display, Core i5 Processor/4GB RAM/1TB HDD/DOS(Without Windows)/Intel UHD Graphics English/Arabic Platinum Grey ","status":"passed","stage":"finished","steps":[],"attachments":[],"parameters":[],"start":1728391481882,"stop":1728391481882},{"name":"Attribute \"title\" retrieved with value: DELL Vostro 3515 Laptop With 15.6-Inch FHD Display, AMD Ryzen 7 3700U Processor/8GB RAM/512GB SSD/DOS(Without Windows)/AMD Radeon RX Vega 10 Graphics Card English/Arabic Carbon Black ","status":"passed","stage":"finished","steps":[],"attachments":[],"parameters":[],"start":1728391481890,"stop":1728391481890},{"name":"Attribute \"title\" retrieved with value: Lenovo ThinkPad E16 Gen 1 Laptop With 16-inch (1920x1200) Display, Intel Core i7-1355U Processor/8GB RAM DDR4/512GB SSD/DOS(Without windows)/Intel Iris Xe Graphics/ English/Arabic Graphite Black ","status":"passed","stage":"finished","steps":[],"attachments":[],"parameters":[],"start":1728391481897,"stop":1728391481897},{"name":"Attribute \"title\" retrieved with value: Lenovo ThinkPad E15 Gen 2 20TD006FAD Laptop With 15.6-Inch Full HD Display, Core i5 Processor/8GB RAM/512GB SSD/DOS(Without windows)/2GB Nvidia GeForce MX350 /International Version English/Arabic Black ","status":"passed","stage":"finished","steps":[],"attachments":[],"parameters":[],"start":1728391481905,"stop":1728391481905},{"name":"Attribute \"title\" retrieved with value: Lenovo ThinkPad E16 Gen 1 Laptop With 16-inch (1920x1200) Display, Intel Core i7-1355U Processor/16GB RAM DDR4/512GB SSD/DOS(Without windows)/NVIDIA GeForce MX550 2GB/ English/Arabic Graphite Black ","status":"passed","stage":"finished","steps":[],"attachments":[],"parameters":[],"start":1728391481912,"stop":1728391481913},{"name":"Attribute \"title\" retrieved with value: DELL Vostro 3515 Laptop With 15.6-Inch FHD Anti-Glare Screen Display, Ryzen5 3450U Processor/8GB RAM/256GB SSD/DOS(Without Windows)/AMD Radeon Vega 8 Graphics Card English/Arabic Black ","status":"passed","stage":"finished","steps":[],"attachments":[],"parameters":[],"start":1728391481923,"stop":1728391481923},{"name":"Attribute \"title\" retrieved with value: Lenovo ThinkPad E16 Gen 1 Laptop With 16-inch (1920x1200) Display, Intel Core i5-1335U Processor/8GB RAM/512GB SSD/DOS(Without Windows)/Intel Iris Xe Graphics/ English/Arabic Graphite Black ","status":"passed","stage":"finished","steps":[],"attachments":[],"parameters":[],"start":1728391481930,"stop":1728391481930},{"name":"Attribute \"title\" retrieved with value: Lenovo IdeaPad 3 15ITL6 Laptop With 15.6-Inch FHD Display, Core i5-1135G7 Processor/8GB RAM/1TB HDD/DOS/2GB GeForce MX350 Graphic Card English/Arabic Blue ","status":"passed","stage":"finished","steps":[],"attachments":[],"parameters":[],"start":1728391481938,"stop":1728391481938},{"name":"Attribute \"title\" retrieved with value: DELL Vostro 3515 Laptop With 15.6-Inch FHD Display, Ryzen 5-3450U Processor/8GB RAM/512GB SSD/DOS (Without windows)/AMD Radeon Vega 8 Graphic Card English/Arabic Black ","status":"passed","stage":"finished","steps":[],"attachments":[],"parameters":[],"start":1728391481946,"stop":1728391481946},{"name":"Attribute \"title\" retrieved with value: Lenovo IdeaPad 3 Gaming Laptop With 15.6-Inch FHD IPS Anti-Glare Display, Ryzen 7 5800H Processor/16GB RAM/512GB SSD/DOS/4GB NVIDIA GeForce RTX 3050 English/Arabic Shadow Black ","status":"passed","stage":"finished","steps":[],"attachments":[],"parameters":[],"start":1728391481955,"stop":1728391481955},{"name":"Soft Assert: Container contains value: ;","status":"passed","stage":"finished","steps":[],"attachments":[],"parameters":[],"start":1728391481963,"stop":1728391481963},{"name":"Soft Assert: Container contains value: ;","status":"passed","stage":"finished","steps":[],"attachments":[],"parameters":[],"start":1728391481963,"stop":1728391481963},{"name":"Soft Assert: Container contains value: ;","status":"passed","stage":"finished","steps":[],"attachments":[],"parameters":[],"start":1728391481964,"stop":1728391481964},{"name":"Soft Assert: Container contains value: ;","status":"passed","stage":"finished","steps":[],"attachments":[],"parameters":[],"start":1728391481964,"stop":1728391481964},{"name":"Soft Assert: Container contains value: ;","status":"passed","stage":"finished","steps":[],"attachments":[],"parameters":[],"start":1728391481964,"stop":1728391481964},{"name":"Soft Assert: Container contains value: ;","status":"passed","stage":"finished","steps":[],"attachments":[],"parameters":[],"start":1728391481964,"stop":1728391481964},{"name":"Soft Assert: Container contains value: ;","status":"passed","stage":"finished","steps":[],"attachments":[],"parameters":[],"start":1728391481966,"stop":1728391481966},{"name":"Soft Assert: Container contains value: ;","status":"passed","stage":"finished","steps":[],"attachments":[],"parameters":[],"start":1728391481966,"stop":1728391481966},{"name":"Soft Assert: Container contains value: ;","status":"passed","stage":"finished","steps":[],"attachments":[],"parameters":[],"start":1728391481967,"stop":1728391481967},{"name":"Soft Assert: Container contains value: ;","status":"passed","stage":"finished","steps":[],"attachments":[],"parameters":[],"start":1728391481967,"stop":1728391481967},{"name":"Soft Assert: Asserting all collected conditions","status":"passed","stage":"finished","steps":[],"attachments":[],"parameters":[],"start":1728391481967,"stop":1728391481967}],"attachments":[],"parameters":[],"start":1728391480756,"stop":1728391481974},{"name":"Successfully loaded properties file: src\\main\\resources\\properties\\config","status":"passed","stage":"finished","steps":[],"attachments":[],"parameters":[],"start":1728391482189,"stop":1728391482189},{"name":"Automatic Driver Quit ","status":"passed","stage":"finished","steps":[{"name":"WebDriver quit","status":"passed","stage":"finished","steps":[],"attachments":[],"parameters":[],"start":1728391482648,"stop":1728391482648}],"attachments":[],"parameters":[],"start":1728391482190,"stop":1728391482648},{"name":"Attachments","status":"passed","stage":"finished","steps":[{"name":"Successfully loaded properties file: src\\main\\resources\\properties\\log4j2","status":"passed","stage":"finished","steps":[],"attachments":[],"parameters":[],"start":1728391482654,"stop":1728391482654},{"name":"Successfully loaded properties file: src\\main\\resources\\properties\\log4j2","status":"passed","stage":"finished","steps":[],"attachments":[],"parameters":[],"start":1728391482656,"stop":1728391482656}],"attachments":[{"name":"CHROME-Verify that user can search with partially product name-2024-10-08-3-44-42PM.png","source":"46d2cacc-3a08-4b0b-8824-56e765c396cb-attachment.png","type":"image/png"},{"name":"Execution Log File","source":"4cd4bc96-8fc8-4232-8d80-912f9251fa8e-attachment.log","type":"text/plain"}],"parameters":[],"start":1728391482648,"stop":1728391482658}],"attachments":[],"parameters":[{"name":"BrowserName","value":"chrome"},{"name":"HeadlessMode","value":"false"},{"name":"PageLoadStrategy","value":"eager"},{"name":"PrivateMode","value":"true"},{"name":"SandboxMode","value":"sandbox"},{"name":"WebSecurityMode","value":"true"}],"start":1728391471984,"stop":1728391482660}