2024-10-08 15:44:31 INFO  logsUtils - [94mGetting Timestamp: 2024-10-08[0m
2024-10-08 15:44:31 INFO  logsUtils - [94mReading value for key: LastRunDate from JSON file: Test-Output\UpdateChecker\checker[0m
2024-10-08 15:44:31 INFO  logsUtils - [92mSuccessfully read value for key: LastRunDate from JSON file: Test-Output\UpdateChecker\checker[0m
2024-10-08 15:44:31 INFO  logsUtils - [94m---------------------------------------------[0m
2024-10-08 15:44:31 INFO  logsUtils - [96m------- Ellithium  Engine Setup -------------[0m
2024-10-08 15:44:31 INFO  logsUtils - [94m---------------------------------------------[0m
2024-10-08 15:44:31 INFO  logsUtils - [92mSuccessfully loaded properties file: src\main\resources\properties\allure[0m
2024-10-08 15:44:31 INFO  logsUtils - [38;5;200m[ SUITE STARTED]: UI AND API [SUITE STARTED][0m
2024-10-08 15:44:31 INFO  logsUtils - [95m[ALL TESTS STARTED]: UI CROSS BROWSER CHROME [ALL TESTS STARTED][0m
2024-10-08 15:44:31 INFO  logsUtils - [92mSuccessfully loaded properties file: src\main\resources\properties\config[0m
2024-10-08 15:44:31 INFO  logsUtils - [96m[START] [94m Scenario Verify that user can search with partially product name [START][0m
2024-10-08 15:44:31 INFO  logsUtils - [92mChrome Options Configured[0m
2024-10-08 15:44:34 INFO  logsUtils - [92mSuccessfully loaded properties file: src\main\resources\properties\config[0m
2024-10-08 15:44:34 INFO  logsUtils - [92mSuccessfully loaded properties file: src\main\resources\properties\config[0m
2024-10-08 15:44:34 INFO  logsUtils - [92mWebDriver Created[0m
2024-10-08 15:44:34 INFO  logsUtils - [94mNavigating to URL: https://www.noon.com/egypt-en/[0m
2024-10-08 15:44:38 INFO  logsUtils - [92mSuccessfully loaded properties file: src\main\resources\properties\config[0m
2024-10-08 15:44:38 INFO  logsUtils - [92mSuccessfully loaded properties file: src\main\resources\properties\config[0m
2024-10-08 15:44:38 INFO  logsUtils - [95mLevel: error[0m
2024-10-08 15:44:38 INFO  logsUtils - [38;5;200mText: Failed to load resource: the server responded with a status of 400 ()[0m
2024-10-08 15:44:38 INFO  logsUtils - [38;5;94mURL: Optional[https://www.noon.com/_svc/mp-identity-api/customer/get][0m
2024-10-08 15:44:38 INFO  logsUtils - [93mStackTrace: Optional.empty[0m
2024-10-08 15:44:39 INFO  logsUtils - [95mLevel: error[0m
2024-10-08 15:44:39 INFO  logsUtils - [38;5;200mText: Failed to load resource: the server responded with a status of 403 ()[0m
2024-10-08 15:44:39 INFO  logsUtils - [38;5;94mURL: Optional[https://www.noon.com/_svc/customer-v1/customer/addresses][0m
2024-10-08 15:44:39 INFO  logsUtils - [93mStackTrace: Optional.empty[0m
2024-10-08 15:44:39 INFO  logsUtils - [95mLevel: error[0m
2024-10-08 15:44:39 INFO  logsUtils - [38;5;200mText: Failed to load resource: the server responded with a status of 404 ()[0m
2024-10-08 15:44:39 INFO  logsUtils - [38;5;94mURL: Optional[https://www.noon.com/_svc/catalog/api/v3/u/account-loyalty][0m
2024-10-08 15:44:39 INFO  logsUtils - [93mStackTrace: Optional.empty[0m
2024-10-08 15:44:39 INFO  logsUtils - [95mLevel: error[0m
2024-10-08 15:44:39 INFO  logsUtils - [38;5;200mText: Failed to load resource: the server responded with a status of 400 ()[0m
2024-10-08 15:44:39 INFO  logsUtils - [38;5;94mURL: Optional[https://www.noon.com/_svc/smartassist/entry-points][0m
2024-10-08 15:44:39 INFO  logsUtils - [93mStackTrace: Optional.empty[0m
2024-10-08 15:44:40 INFO  logsUtils - [94mSent Data: "lapt" into What are you looking for?.[0m
2024-10-08 15:44:40 INFO  logsUtils - [94mSent Data: "ENTER" into What are you looking for?.[0m
2024-10-08 15:44:40 INFO  logsUtils - [94mSent Data: "ENTER" into What are you looking for?.[0m
2024-10-08 15:44:40 INFO  logsUtils - [94mWaiting for Element To Disappear: By.xpath: //img[@alt='Loading' and @loading='lazy'][0m
2024-10-08 15:44:40 INFO  logsUtils - [94mGetting Attribute from multiple elements located: By.cssSelector: div[data-qa='product-name'][0m
2024-10-08 15:44:41 INFO  logsUtils - [94mAttribute "title" retrieved with value: Lenovo IdeaPad 3 14IML05 Laptop With 14-Inch FHD (1920x1080) Display, Core i5 Processor/4GB RAM/1TB HDD/DOS(Without Windows)/Intel UHD Graphics English/Arabic Platinum Grey [0m
2024-10-08 15:44:41 INFO  logsUtils - [94mAttribute "title" retrieved with value: DELL Vostro 3515 Laptop With 15.6-Inch FHD Display, AMD Ryzen 7 3700U Processor/8GB RAM/512GB SSD/DOS(Without Windows)/AMD Radeon RX Vega 10 Graphics Card English/Arabic Carbon Black [0m
2024-10-08 15:44:41 INFO  logsUtils - [94mAttribute "title" retrieved with value: Lenovo ThinkPad E16 Gen 1 Laptop With 16-inch (1920x1200) Display, Intel Core i7-1355U Processor/8GB RAM DDR4/512GB SSD/DOS(Without windows)/Intel Iris Xe Graphics/ English/Arabic Graphite Black [0m
2024-10-08 15:44:41 INFO  logsUtils - [94mAttribute "title" retrieved with value: Lenovo ThinkPad E15 Gen 2 20TD006FAD Laptop With 15.6-Inch Full HD Display, Core i5 Processor/8GB RAM/512GB SSD/DOS(Without windows)/2GB Nvidia GeForce MX350 /International Version English/Arabic Black [0m
2024-10-08 15:44:41 INFO  logsUtils - [94mAttribute "title" retrieved with value: Lenovo ThinkPad E16 Gen 1 Laptop With 16-inch (1920x1200) Display, Intel Core i7-1355U Processor/16GB RAM DDR4/512GB SSD/DOS(Without windows)/NVIDIA GeForce MX550 2GB/ English/Arabic Graphite Black [0m
2024-10-08 15:44:41 INFO  logsUtils - [94mAttribute "title" retrieved with value: DELL Vostro 3515 Laptop With 15.6-Inch FHD Anti-Glare Screen Display, Ryzen5 3450U Processor/8GB RAM/256GB SSD/DOS(Without Windows)/AMD Radeon Vega 8 Graphics Card English/Arabic Black [0m
2024-10-08 15:44:41 INFO  logsUtils - [94mAttribute "title" retrieved with value: Lenovo ThinkPad E16 Gen 1 Laptop With 16-inch (1920x1200) Display, IntelÂ CoreÂ i5-1335U Processor/8GB RAM/512GB SSD/DOS(Without Windows)/Intel Iris Xe Graphics/ English/Arabic Graphite Black [0m
2024-10-08 15:44:41 INFO  logsUtils - [94mAttribute "title" retrieved with value: Lenovo IdeaPad 3 15ITL6 Laptop With 15.6-Inch FHD Display, Core i5-1135G7 Processor/8GB RAM/1TB HDD/DOS/2GB GeForce MX350 Graphic Card English/Arabic Blue [0m
2024-10-08 15:44:41 INFO  logsUtils - [94mAttribute "title" retrieved with value: DELL Vostro 3515 Laptop With 15.6-Inch FHD Display, Ryzen 5-3450U Processor/8GB RAM/512GB SSD/DOS (Without windows)/AMD Radeon Vega 8 Graphic Card English/Arabic Black [0m
2024-10-08 15:44:41 INFO  logsUtils - [94mAttribute "title" retrieved with value: Lenovo IdeaPad 3 Gaming Laptop With 15.6-Inch FHD IPS Anti-Glare Display, Ryzen 7 5800H Processor/16GB RAM/512GB SSD/DOS/4GB NVIDIA GeForce RTX 3050 English/Arabic Shadow Black [0m
2024-10-08 15:44:41 INFO  logsUtils - [94mSoft Assert Contains - Container: lenovo ideapad 3 14iml05 laptop with 14-inch fhd (1920x1080) display, core i5 processor/4gb ram/1tb hdd/dos(without windows)/intel uhd graphics english/arabic platinum grey  contains Value: ;[0m
2024-10-08 15:44:41 INFO  logsUtils - [94mSoft Assert Contains - Container: dell vostro 3515 laptop with 15.6-inch fhd display, amd ryzen 7 3700u processor/8gb ram/512gb ssd/dos(without windows)/amd radeon rx vega 10 graphics card english/arabic carbon black  contains Value: ;[0m
2024-10-08 15:44:41 INFO  logsUtils - [94mSoft Assert Contains - Container: lenovo thinkpad e16 gen 1 laptop with 16-inch (1920x1200) display, intel core i7-1355u processor/8gb ram ddr4/512gb ssd/dos(without windows)/intel iris xe graphics/ english/arabic graphite black  contains Value: ;[0m
2024-10-08 15:44:41 INFO  logsUtils - [94mSoft Assert Contains - Container: lenovo thinkpad e15 gen 2 20td006fad laptop with 15.6-inch full hd display, core i5 processor/8gb ram/512gb ssd/dos(without windows)/2gb nvidia geforce mx350 /international version english/arabic black  contains Value: ;[0m
2024-10-08 15:44:41 INFO  logsUtils - [94mSoft Assert Contains - Container: lenovo thinkpad e16 gen 1 laptop with 16-inch (1920x1200) display, intel core i7-1355u processor/16gb ram ddr4/512gb ssd/dos(without windows)/nvidia geforce mx550 2gb/ english/arabic graphite black  contains Value: ;[0m
2024-10-08 15:44:41 INFO  logsUtils - [94mSoft Assert Contains - Container: dell vostro 3515 laptop with 15.6-inch fhd anti-glare screen display, ryzen5 3450u processor/8gb ram/256gb ssd/dos(without windows)/amd radeon vega 8 graphics card english/arabic black  contains Value: ;[0m
2024-10-08 15:44:41 INFO  logsUtils - [94mSoft Assert Contains - Container: lenovo thinkpad e16 gen 1 laptop with 16-inch (1920x1200) display, intelÂ coreÂ i5-1335u processor/8gb ram/512gb ssd/dos(without windows)/intel iris xe graphics/ english/arabic graphite black  contains Value: ;[0m
2024-10-08 15:44:41 INFO  logsUtils - [94mSoft Assert Contains - Container: lenovo ideapad 3 15itl6 laptop with 15.6-inch fhd display, core i5-1135g7 processor/8gb ram/1tb hdd/dos/2gb geforce mx350 graphic card english/arabic blue  contains Value: ;[0m
2024-10-08 15:44:41 INFO  logsUtils - [94mSoft Assert Contains - Container: dell vostro 3515 laptop with 15.6-inch fhd display, ryzen 5-3450u processor/8gb ram/512gb ssd/dos (without windows)/amd radeon vega 8 graphic card english/arabic black  contains Value: ;[0m
2024-10-08 15:44:41 INFO  logsUtils - [94mSoft Assert Contains - Container: lenovo ideapad 3 gaming laptop with 15.6-inch fhd ips anti-glare display, ryzen 7 5800h processor/16gb ram/512gb ssd/dos/4gb nvidia geforce rtx 3050 english/arabic shadow black  contains Value: ;[0m
2024-10-08 15:44:41 INFO  logsUtils - [94mSoft Assertions Completed and Asserting All[0m
2024-10-08 15:44:42 INFO  logsUtils - [94mGetting Timestamp: 2024-10-08-3-44-42PM[0m
2024-10-08 15:44:42 INFO  logsUtils - [91m[FAILED] Scenario Verify that user can search with partially product name [FAILED][0m
2024-10-08 15:44:42 INFO  logsUtils - [92mSuccessfully loaded properties file: src\main\resources\properties\config[0m
2024-10-08 15:44:42 INFO  logsUtils - [94mWebDriver quit[0m
2024-10-08 15:44:42 INFO  logsUtils - [92mSuccessfully loaded properties file: src\main\resources\properties\log4j2[0m
2024-10-08 15:44:42 INFO  logsUtils - [92mSuccessfully loaded properties file: src\main\resources\properties\log4j2[0m
2024-10-08 15:44:42 INFO  logsUtils - Log file successfully attached to the Allure report.
2024-10-08 15:44:42 INFO  logsUtils - [95m[ALL TESTS COMPLETED]: UI CROSS BROWSER CHROME [ALL TESTS COMPLETED][0m
2024-10-08 15:44:42 INFO  logsUtils - [38;5;200m[SUITE FINISHED]: UI AND API [SUITE FINISHED][0m
2024-10-08 15:44:42 INFO  logsUtils - [94m------------------------------------------[0m
2024-10-08 15:44:42 INFO  logsUtils - [96m------- Ellithium  Engine TearDown -------[0m
2024-10-08 15:44:42 INFO  logsUtils - [94m------------------------------------------[0m
2024-10-08 15:44:42 INFO  logsUtils - [96mTotal Execution Time is: 0 Min 11 Sec 654 Mills[0m
2024-10-08 15:44:42 INFO  logsUtils - [92mSuccessfully loaded properties file: src\main\resources\properties\allure[0m
2024-10-08 15:44:42 INFO  logsUtils - [92mSuccessfully loaded properties file: src\main\resources\properties\allure[0m
2024-10-08 15:44:42 INFO  logsUtils - [92mSuccessfully loaded properties file: src\main\resources\properties\allure[0m
2024-10-08 15:44:42 INFO  logsUtils - [92mAllure folder exists at: C:\Users\lenovo\.m2\repository\allure-Ellithium[0m
2024-10-08 15:44:42 INFO  logsUtils - [92mFound Allure binary directory: C:\Users\lenovo\.m2\repository\allure-Ellithium\-2.30.0\bin[0m
2024-10-08 15:44:42 INFO  logsUtils - [92mAttempting to execute command: C:\Users\lenovo\.m2\repository\allure-Ellithium\-2.30.0\bin\allure generate --single-file --name "Test Report" -o .\LastReport\ .\Test-Output/Reports/Allure/allure-results\[0m
2024-10-08 15:44:45 INFO  logsUtils - [92mCommand executed successfully. Exit code: 0[0m
2024-10-08 15:44:45 INFO  logsUtils - [94mGetting Timestamp: 2024-10-08-3-44-45PM[0m
2024-10-08 15:44:45 INFO  logsUtils - [92mSuccessfully loaded properties file: src\main\resources\properties\allure[0m
2024-10-08 15:44:45 INFO  logsUtils - [92mAttempting to execute command: start Test-Output\Reports\Allure\allure-report\Ellithium-Test-Report-2024-10-08-3-44-45PM.html[0m
2024-10-08 15:44:45 INFO  logsUtils - [92mCommand executed successfully. Exit code: 0[0m
